<?xml version="1.0" encoding="UTF-8"?>
<!-- Generated by org.testng.reporters.JUnitReportReporter -->
<testsuite skipped="0" hostname="SAILY.local" name="Giphy_UI_Test.Search_NonExisting_Gif" tests="1" failures="0" timestamp="2021-07-05T15:21:04 IST" time="12.253" errors="0">
  <testcase name="NonExisting_Gif" time="12.253" classname="Giphy_UI_Test.Search_NonExisting_Gif"/>
  <system-out/>
</testsuite> <!-- Giphy_UI_Test.Search_NonExisting_Gif -->
