<?xml version="1.0" encoding="UTF-8"?>
<!-- Generated by org.testng.reporters.JUnitReportReporter -->
<testsuite skipped="0" hostname="SAILY.local" name="Giphy_UI_Test.Pages_Check_Test" tests="1" failures="0" timestamp="2021-07-05T15:20:34 IST" time="66.611" errors="0">
  <testcase name="PagesCheck" time="66.611" classname="Giphy_UI_Test.Pages_Check_Test"/>
  <system-out/>
</testsuite> <!-- Giphy_UI_Test.Pages_Check_Test -->
