<?xml version="1.0" encoding="UTF-8"?>
<!-- Generated by org.testng.reporters.JUnitReportReporter -->
<testsuite skipped="0" hostname="SAILY.local" name="Giphy_UI_Test.Upload" tests="1" failures="0" timestamp="2021-07-05T15:20:59 IST" time="14.377" errors="0">
  <testcase name="Upload_gif" time="14.377" classname="Giphy_UI_Test.Upload"/>
  <system-out/>
</testsuite> <!-- Giphy_UI_Test.Upload -->
