<?xml version="1.0" encoding="UTF-8"?>
<!-- Generated by org.testng.reporters.JUnitReportReporter -->
<testsuite skipped="0" hostname="SAILY.local" name="Giphy_UI_Test.Search_Existing_Gif" tests="1" failures="0" timestamp="2021-07-05T15:20:49 IST" time="31.163" errors="0">
  <testcase name="Search_Gif" time="31.163" classname="Giphy_UI_Test.Search_Existing_Gif"/>
  <system-out/>
</testsuite> <!-- Giphy_UI_Test.Search_Existing_Gif -->
